Determining if the include file xlocale.h exists failed with the following output:
Change Dir: /home/nodog/docs/asp/android_native_win_buff/json-c-build/CMakeFiles/CMakeTmp

Run Build Command(s):/usr/bin/make cmTC_0610b/fast && /usr/bin/make -f CMakeFiles/cmTC_0610b.dir/build.make CMakeFiles/cmTC_0610b.dir/build
make[1]: Entering directory '/home/nodog/docs/asp/android_native_win_buff/json-c-build/CMakeFiles/CMakeTmp'
Building C object CMakeFiles/cmTC_0610b.dir/CheckIncludeFile.c.o
/usr/bin/cc -D_GNU_SOURCE  -fPIE   -o CMakeFiles/cmTC_0610b.dir/CheckIncludeFile.c.o   -c /home/nodog/docs/asp/android_native_win_buff/json-c-build/CMakeFiles/CMakeTmp/CheckIncludeFile.c
/home/nodog/docs/asp/android_native_win_buff/json-c-build/CMakeFiles/CMakeTmp/CheckIncludeFile.c:1:10: fatal error: xlocale.h: No such file or directory
    1 | #include <xlocale.h>
      |          ^~~~~~~~~~~
compilation terminated.
make[1]: *** [CMakeFiles/cmTC_0610b.dir/build.make:66: CMakeFiles/cmTC_0610b.dir/CheckIncludeFile.c.o] Error 1
make[1]: Leaving directory '/home/nodog/docs/asp/android_native_win_buff/json-c-build/CMakeFiles/CMakeTmp'
make: *** [Makefile:121: cmTC_0610b/fast] Error 2



Determining if the _isnan exist failed with the following output:
Change Dir: /home/nodog/docs/asp/android_native_win_buff/json-c-build/CMakeFiles/CMakeTmp

Run Build Command(s):/usr/bin/make cmTC_8dde2/fast && /usr/bin/make -f CMakeFiles/cmTC_8dde2.dir/build.make CMakeFiles/cmTC_8dde2.dir/build
make[1]: Entering directory '/home/nodog/docs/asp/android_native_win_buff/json-c-build/CMakeFiles/CMakeTmp'
Building C object CMakeFiles/cmTC_8dde2.dir/CheckSymbolExists.c.o
/usr/bin/cc -D_GNU_SOURCE  -fPIE   -o CMakeFiles/cmTC_8dde2.dir/CheckSymbolExists.c.o   -c /home/nodog/docs/asp/android_native_win_buff/json-c-build/CMakeFiles/CMakeTmp/CheckSymbolExists.c
/home/nodog/docs/asp/android_native_win_buff/json-c-build/CMakeFiles/CMakeTmp/CheckSymbolExists.c: In function ‘main’:
/home/nodog/docs/asp/android_native_win_buff/json-c-build/CMakeFiles/CMakeTmp/CheckSymbolExists.c:8:19: error: ‘_isnan’ undeclared (first use in this function)
    8 |   return ((int*)(&_isnan))[argc];
      |                   ^~~~~~
/home/nodog/docs/asp/android_native_win_buff/json-c-build/CMakeFiles/CMakeTmp/CheckSymbolExists.c:8:19: note: each undeclared identifier is reported only once for each function it appears in
make[1]: *** [CMakeFiles/cmTC_8dde2.dir/build.make:66: CMakeFiles/cmTC_8dde2.dir/CheckSymbolExists.c.o] Error 1
make[1]: Leaving directory '/home/nodog/docs/asp/android_native_win_buff/json-c-build/CMakeFiles/CMakeTmp'
make: *** [Makefile:121: cmTC_8dde2/fast] Error 2


File /home/nodog/docs/asp/android_native_win_buff/json-c-build/CMakeFiles/CMakeTmp/CheckSymbolExists.c:
/* */
#include <float.h>

int main(int argc, char** argv)
{
  (void)argv;
#ifndef _isnan
  return ((int*)(&_isnan))[argc];
#else
  (void)argc;
  return 0;
#endif
}
Determining if the _finite exist failed with the following output:
Change Dir: /home/nodog/docs/asp/android_native_win_buff/json-c-build/CMakeFiles/CMakeTmp

Run Build Command(s):/usr/bin/make cmTC_60430/fast && /usr/bin/make -f CMakeFiles/cmTC_60430.dir/build.make CMakeFiles/cmTC_60430.dir/build
make[1]: Entering directory '/home/nodog/docs/asp/android_native_win_buff/json-c-build/CMakeFiles/CMakeTmp'
Building C object CMakeFiles/cmTC_60430.dir/CheckSymbolExists.c.o
/usr/bin/cc -D_GNU_SOURCE  -fPIE   -o CMakeFiles/cmTC_60430.dir/CheckSymbolExists.c.o   -c /home/nodog/docs/asp/android_native_win_buff/json-c-build/CMakeFiles/CMakeTmp/CheckSymbolExists.c
/home/nodog/docs/asp/android_native_win_buff/json-c-build/CMakeFiles/CMakeTmp/CheckSymbolExists.c: In function ‘main’:
/home/nodog/docs/asp/android_native_win_buff/json-c-build/CMakeFiles/CMakeTmp/CheckSymbolExists.c:8:19: error: ‘_finite’ undeclared (first use in this function)
    8 |   return ((int*)(&_finite))[argc];
      |                   ^~~~~~~
/home/nodog/docs/asp/android_native_win_buff/json-c-build/CMakeFiles/CMakeTmp/CheckSymbolExists.c:8:19: note: each undeclared identifier is reported only once for each function it appears in
make[1]: *** [CMakeFiles/cmTC_60430.dir/build.make:66: CMakeFiles/cmTC_60430.dir/CheckSymbolExists.c.o] Error 1
make[1]: Leaving directory '/home/nodog/docs/asp/android_native_win_buff/json-c-build/CMakeFiles/CMakeTmp'
make: *** [Makefile:121: cmTC_60430/fast] Error 2


File /home/nodog/docs/asp/android_native_win_buff/json-c-build/CMakeFiles/CMakeTmp/CheckSymbolExists.c:
/* */
#include <float.h>

int main(int argc, char** argv)
{
  (void)argv;
#ifndef _finite
  return ((int*)(&_finite))[argc];
#else
  (void)argc;
  return 0;
#endif
}
Determining if the _doprnt exist failed with the following output:
Change Dir: /home/nodog/docs/asp/android_native_win_buff/json-c-build/CMakeFiles/CMakeTmp

Run Build Command(s):/usr/bin/make cmTC_583c8/fast && /usr/bin/make -f CMakeFiles/cmTC_583c8.dir/build.make CMakeFiles/cmTC_583c8.dir/build
make[1]: Entering directory '/home/nodog/docs/asp/android_native_win_buff/json-c-build/CMakeFiles/CMakeTmp'
Building C object CMakeFiles/cmTC_583c8.dir/CheckSymbolExists.c.o
/usr/bin/cc -D_GNU_SOURCE  -fPIE   -o CMakeFiles/cmTC_583c8.dir/CheckSymbolExists.c.o   -c /home/nodog/docs/asp/android_native_win_buff/json-c-build/CMakeFiles/CMakeTmp/CheckSymbolExists.c
/home/nodog/docs/asp/android_native_win_buff/json-c-build/CMakeFiles/CMakeTmp/CheckSymbolExists.c: In function ‘main’:
/home/nodog/docs/asp/android_native_win_buff/json-c-build/CMakeFiles/CMakeTmp/CheckSymbolExists.c:8:19: error: ‘_doprnt’ undeclared (first use in this function)
    8 |   return ((int*)(&_doprnt))[argc];
      |                   ^~~~~~~
/home/nodog/docs/asp/android_native_win_buff/json-c-build/CMakeFiles/CMakeTmp/CheckSymbolExists.c:8:19: note: each undeclared identifier is reported only once for each function it appears in
make[1]: *** [CMakeFiles/cmTC_583c8.dir/build.make:66: CMakeFiles/cmTC_583c8.dir/CheckSymbolExists.c.o] Error 1
make[1]: Leaving directory '/home/nodog/docs/asp/android_native_win_buff/json-c-build/CMakeFiles/CMakeTmp'
make: *** [Makefile:121: cmTC_583c8/fast] Error 2


File /home/nodog/docs/asp/android_native_win_buff/json-c-build/CMakeFiles/CMakeTmp/CheckSymbolExists.c:
/* */
#include <stdio.h>

int main(int argc, char** argv)
{
  (void)argv;
#ifndef _doprnt
  return ((int*)(&_doprnt))[argc];
#else
  (void)argc;
  return 0;
#endif
}
Determining if the arc4random exist failed with the following output:
Change Dir: /home/nodog/docs/asp/android_native_win_buff/json-c-build/CMakeFiles/CMakeTmp

Run Build Command(s):/usr/bin/make cmTC_947c7/fast && /usr/bin/make -f CMakeFiles/cmTC_947c7.dir/build.make CMakeFiles/cmTC_947c7.dir/build
make[1]: Entering directory '/home/nodog/docs/asp/android_native_win_buff/json-c-build/CMakeFiles/CMakeTmp'
Building C object CMakeFiles/cmTC_947c7.dir/CheckSymbolExists.c.o
/usr/bin/cc -D_GNU_SOURCE  -fPIE   -o CMakeFiles/cmTC_947c7.dir/CheckSymbolExists.c.o   -c /home/nodog/docs/asp/android_native_win_buff/json-c-build/CMakeFiles/CMakeTmp/CheckSymbolExists.c
/home/nodog/docs/asp/android_native_win_buff/json-c-build/CMakeFiles/CMakeTmp/CheckSymbolExists.c: In function ‘main’:
/home/nodog/docs/asp/android_native_win_buff/json-c-build/CMakeFiles/CMakeTmp/CheckSymbolExists.c:8:19: error: ‘arc4random’ undeclared (first use in this function); did you mean ‘srandom’?
    8 |   return ((int*)(&arc4random))[argc];
      |                   ^~~~~~~~~~
      |                   srandom
/home/nodog/docs/asp/android_native_win_buff/json-c-build/CMakeFiles/CMakeTmp/CheckSymbolExists.c:8:19: note: each undeclared identifier is reported only once for each function it appears in
make[1]: *** [CMakeFiles/cmTC_947c7.dir/build.make:66: CMakeFiles/cmTC_947c7.dir/CheckSymbolExists.c.o] Error 1
make[1]: Leaving directory '/home/nodog/docs/asp/android_native_win_buff/json-c-build/CMakeFiles/CMakeTmp'
make: *** [Makefile:121: cmTC_947c7/fast] Error 2


File /home/nodog/docs/asp/android_native_win_buff/json-c-build/CMakeFiles/CMakeTmp/CheckSymbolExists.c:
/* */
#include <stdlib.h>

int main(int argc, char** argv)
{
  (void)argv;
#ifndef arc4random
  return ((int*)(&arc4random))[argc];
#else
  (void)argc;
  return 0;
#endif
}
Determining if the include file bsd/stdlib.h exists failed with the following output:
Change Dir: /home/nodog/docs/asp/android_native_win_buff/json-c-build/CMakeFiles/CMakeTmp

Run Build Command(s):/usr/bin/make cmTC_25a36/fast && /usr/bin/make -f CMakeFiles/cmTC_25a36.dir/build.make CMakeFiles/cmTC_25a36.dir/build
make[1]: Entering directory '/home/nodog/docs/asp/android_native_win_buff/json-c-build/CMakeFiles/CMakeTmp'
Building C object CMakeFiles/cmTC_25a36.dir/CheckIncludeFile.c.o
/usr/bin/cc -D_GNU_SOURCE  -fPIE   -o CMakeFiles/cmTC_25a36.dir/CheckIncludeFile.c.o   -c /home/nodog/docs/asp/android_native_win_buff/json-c-build/CMakeFiles/CMakeTmp/CheckIncludeFile.c
/home/nodog/docs/asp/android_native_win_buff/json-c-build/CMakeFiles/CMakeTmp/CheckIncludeFile.c:1:10: fatal error: bsd/stdlib.h: No such file or directory
    1 | #include <bsd/stdlib.h>
      |          ^~~~~~~~~~~~~~
compilation terminated.
make[1]: *** [CMakeFiles/cmTC_25a36.dir/build.make:66: CMakeFiles/cmTC_25a36.dir/CheckIncludeFile.c.o] Error 1
make[1]: Leaving directory '/home/nodog/docs/asp/android_native_win_buff/json-c-build/CMakeFiles/CMakeTmp'
make: *** [Makefile:121: cmTC_25a36/fast] Error 2



Performing C SOURCE FILE Test HAS_GNU_WARNING_LONG failed with the following output:
Change Dir: /home/nodog/docs/asp/android_native_win_buff/json-c-build/CMakeFiles/CMakeTmp

Run Build Command(s):/usr/bin/make cmTC_737ce/fast && /usr/bin/make -f CMakeFiles/cmTC_737ce.dir/build.make CMakeFiles/cmTC_737ce.dir/build
make[1]: Entering directory '/home/nodog/docs/asp/android_native_win_buff/json-c-build/CMakeFiles/CMakeTmp'
Building C object CMakeFiles/cmTC_737ce.dir/src.c.o
/usr/bin/cc -D_GNU_SOURCE  -DHAS_GNU_WARNING_LONG -fPIE   -o CMakeFiles/cmTC_737ce.dir/src.c.o   -c /home/nodog/docs/asp/android_native_win_buff/json-c-build/CMakeFiles/CMakeTmp/src.c
/home/nodog/docs/asp/android_native_win_buff/json-c-build/CMakeFiles/CMakeTmp/src.c:3:9: warning: missing terminating " character
    3 | __asm__(".section .gnu.json_object_get
      |         ^
/home/nodog/docs/asp/android_native_win_buff/json-c-build/CMakeFiles/CMakeTmp/src.c:3:9: error: missing terminating " character
    3 | __asm__(".section .gnu.json_object_get
      |         ^~~~~~~~~~~~~~~~~~~~~~~~~~~~~~
/home/nodog/docs/asp/android_native_win_buff/json-c-build/CMakeFiles/CMakeTmp/src.c:4:2: error: expected string literal before ‘.’ token
    4 |  .ascii "Please link against libjson-c instead of libjson"
      |  ^
/home/nodog/docs/asp/android_native_win_buff/json-c-build/CMakeFiles/CMakeTmp/src.c:5:7: warning: missing terminating " character
    5 |  .text");
      |       ^
/home/nodog/docs/asp/android_native_win_buff/json-c-build/CMakeFiles/CMakeTmp/src.c:5:7: error: missing terminating " character
    5 |  .text");
      |       ^~~
make[1]: *** [CMakeFiles/cmTC_737ce.dir/build.make:66: CMakeFiles/cmTC_737ce.dir/src.c.o] Error 1
make[1]: Leaving directory '/home/nodog/docs/asp/android_native_win_buff/json-c-build/CMakeFiles/CMakeTmp'
make: *** [Makefile:121: cmTC_737ce/fast] Error 2


Source file was:

extern void json_object_get();
__asm__(".section .gnu.json_object_get
	.ascii "Please link against libjson-c instead of libjson"
	.text");
int main(int c, char *v) { return 0;}

